
[95m[1m================================================================================
BlogCMS Security Test Suite
================================================================================[0m
Target: http://localhost:8100
Start Time: 2025-12-16 06:48:05
Traceback (most recent call last):
  File "C:\Gitlab Projects\BlogCMS\security_test_suite.py", line 706, in main
    print(f"{Colors.OKGREEN}\u2713 Server is running{Colors.ENDC}")
  File "C:\Python312\Lib\encodings\cp1252.py", line 19, in encode
    return codecs.charmap_encode(input,self.errors,encoding_table)[0]
           ^^^^^^^^^^^^^^^^^^^^^^^^^^^^^^^^^^^^^^^^^^^^^^^^^^^^^^^
UnicodeEncodeError: 'charmap' codec can't encode character '\u2713' in position 5: character maps to <undefined>

During handling of the above exception, another exception occurred:

Traceback (most recent call last):
  File "C:\Gitlab Projects\BlogCMS\security_test_suite.py", line 743, in <module>
    main()
  File "C:\Gitlab Projects\BlogCMS\security_test_suite.py", line 711, in main
    print(f"{Colors.FAIL}\u2717 Cannot connect to server at {BASE_URL}{Colors.ENDC}")
  File "C:\Python312\Lib\encodings\cp1252.py", line 19, in encode
    return codecs.charmap_encode(input,self.errors,encoding_table)[0]
           ^^^^^^^^^^^^^^^^^^^^^^^^^^^^^^^^^^^^^^^^^^^^^^^^^^^^^^^
UnicodeEncodeError: 'charmap' codec can't encode character '\u2717' in position 5: character maps to <undefined>
